link,https://youtube.com/shorts/g6hKvI4VP_g?si=l3p2a7PdI1lJ6cVn
link,https://youtube.com/shorts/TUpdzX5732k?si=-kRe9oHfxdwbQu3X
link,https://www.tiktok.com/@popmuvi/video/7510928248059137288?is_from_webapp=1&sender_device=pc
link,https://www.tiktok.com/@popmuvi/video/7510928248059137288?is_from_webapp=1&sender_device=pc
link,https://www.tiktok.com/@popmuvi/video/7510928248059137288?is_from_webapp=1&sender_device=pc
link,https://youtube.com/shorts/aqBvT0wSpZE?si=t4MfAorr7Oi7QKwd
link,https://youtu.be/AsHG0EXFw6c?si=AxSgmg-3sn41hMtD
link,https://youtu.be/AsHG0EXFw6c?si=5phMx4CqBsCR57vM
link,https://youtu.be/AsHG0EXFw6c?si=5phMx4CqBsCR57vM
link,https://youtube.com/shorts/TUpdzX5732k?si=-kRe9oHfxdwbQu3X
link,https://youtube.com/shorts/TUpdzX5732k?si=-kRe9oHfxdwbQu3X
link,https://youtu.be/AsHG0EXFw6c?si=5phMx4CqBsCR57vM
link,https://youtube.com/shorts/TUpdzX5732k?si=-kRe9oHfxdwbQu3X
link,https://youtube.com/shorts/TUpdzX5732k?si=-kRe9oHfxdwbQu3X
link,https://youtu.be/AsHG0EXFw6c?si=5phMx4CqBsCR57vM
link,https://youtu.be/AsHG0EXFw6c?si=5phMx4CqBsCR57vM
link,https://youtu.be/AsHG0EXFw6c?si=5phMx4CqBsCR57vM
link,https://youtu.be/AsHG0EXFw6c?si=5phMx4CqBsCR57vM
link,https://youtu.be/AsHG0EXFw6c?si=5phMx4CqBsCR57vM
link,https://youtu.be/AsHG0EXFw6c?si=5phMx4CqBsCR57vM
link,https://www.tiktok.com/@arvmala/video/7512651051955277112
